<?xml version="1.0" encoding="UTF-8"?>
<!-- Generated by org.testng.reporters.JUnitReportReporter -->
<testsuite hostname="ThinkP51" failures="0" tests="1" name="takeScreenShot.Demo" time="5.075" errors="0" timestamp="2023-04-13T08:43:12 PDT" skipped="0">
  <testcase classname="takeScreenShot.Demo" name="sampleSeleniumCode" time="5.075"/>
  <system-out>
    <![CDATA[Test execution started
Navigated to application URL
Test execution Complete
<img src=".\src\test\java\takeScreenShot\ScreenShots\ScreenShot1.png" />]]>
  </system-out>
</testsuite> <!-- takeScreenShot.Demo -->
