<?xml version="1.0" encoding="UTF-8"?>
<!-- Generated by org.testng.reporters.JUnitReportReporter -->
<testsuite hostname="ubuntup51" failures="0" tests="1" name="screenRecorder.Demo" time="7.097" errors="0" timestamp="2023-04-14T08:12:13 PDT" skipped="0">
  <testcase classname="screenRecorder.Demo" name="sampleSeleniumCode" time="7.097"/>
  <system-out/>
</testsuite> <!-- screenRecorder.Demo -->
