<?xml version="1.0" encoding="UTF-8"?>
<!-- Generated by org.testng.reporters.JUnitReportReporter -->
<testsuite hostname="ubuntup51" failures="0" tests="1" name="takeScreenShot.Demo" time="6.184" errors="0" timestamp="2023-04-13T12:13:05 PDT" skipped="0">
  <testcase classname="takeScreenShot.Demo" name="sampleSeleniumCode" time="6.184"/>
  <system-out>
    <![CDATA[Test execution started
Navigated to application URL
Test execution Complete]]>
  </system-out>
</testsuite> <!-- takeScreenShot.Demo -->
