<?xml version="1.0" encoding="UTF-8"?>
<!-- Generated by org.testng.reporters.JUnitReportReporter -->
<testsuite hostname="ThinkPadP51" failures="0" tests="1" name="com.caleb.testcases.LoginTest" time="3.844" errors="0" timestamp="2023-05-04T11:39:28 PDT" skipped="0">
  <testcase classname="com.caleb.testcases.LoginTest" name="loginAsBankManager" time="3.844"/>
  <system-out/>
</testsuite> <!-- com.caleb.testcases.LoginTest -->
