<?xml version="1.0" encoding="UTF-8"?>
<!-- Generated by org.testng.reporters.JUnitReportReporter -->
<testsuite hostname="ThinkP51" failures="0" tests="14" name="runner.Runner" time="0.383" errors="0" timestamp="2023-03-24T10:10:34 PDT" skipped="0">
  <testcase classname="runner.Runner" name="runScenario" time="0.026"/>
  <system-out/>
  <testcase classname="runner.Runner" name="runScenario" time="0.028"/>
  <system-out/>
  <testcase classname="runner.Runner" name="runScenario" time="0.020"/>
  <system-out/>
  <testcase classname="runner.Runner" name="runScenario" time="0.019"/>
  <system-out/>
  <testcase classname="runner.Runner" name="runScenario" time="0.157"/>
  <system-out/>
  <testcase classname="runner.Runner" name="runScenario" time="0.011"/>
  <system-out/>
  <testcase classname="runner.Runner" name="runScenario" time="0.011"/>
  <system-out/>
  <testcase classname="runner.Runner" name="runScenario" time="0.023"/>
  <system-out/>
  <testcase classname="runner.Runner" name="runScenario" time="0.009"/>
  <system-out/>
  <testcase classname="runner.Runner" name="runScenario" time="0.016"/>
  <system-out/>
  <testcase classname="runner.Runner" name="runScenario" time="0.010"/>
  <system-out/>
  <testcase classname="runner.Runner" name="runScenario" time="0.019"/>
  <system-out/>
  <testcase classname="runner.Runner" name="runScenario" time="0.022"/>
  <system-out/>
  <testcase classname="runner.Runner" name="runScenario" time="0.012"/>
  <system-out/>
</testsuite> <!-- runner.Runner -->
