<?xml version="1.0" encoding="UTF-8"?>
<!-- Generated by org.testng.reporters.JUnitReportReporter -->
<testsuite hostname="ubuntup51" failures="0" tests="1" name="takeScreenShot.Demo" time="31.683" errors="0" timestamp="2023-05-29T12:29:32 PDT" skipped="0">
  <testcase classname="takeScreenShot.Demo" name="sampleSeleniumCode" time="31.683"/>
  <system-out>
    <![CDATA[Test execution started
Navigated to application URL
Test execution Complete]]>
  </system-out>
</testsuite> <!-- takeScreenShot.Demo -->
