<?xml version="1.0" encoding="UTF-8"?>
<!-- Generated by org.testng.reporters.JUnitReportReporter -->
<testsuite hostname="ThinkP51" failures="0" tests="14" name="runner.Runner" time="0.426" errors="0" timestamp="2023-03-24T09:57:46 PDT" skipped="0">
  <testcase classname="runner.Runner" name="runScenario" time="0.024"/>
  <system-out/>
  <testcase classname="runner.Runner" name="runScenario" time="0.018"/>
  <system-out/>
  <testcase classname="runner.Runner" name="runScenario" time="0.021"/>
  <system-out/>
  <testcase classname="runner.Runner" name="runScenario" time="0.028"/>
  <system-out/>
  <testcase classname="runner.Runner" name="runScenario" time="0.019"/>
  <system-out/>
  <testcase classname="runner.Runner" name="runScenario" time="0.033"/>
  <system-out/>
  <testcase classname="runner.Runner" name="runScenario" time="0.154"/>
  <system-out/>
  <testcase classname="runner.Runner" name="runScenario" time="0.020"/>
  <system-out/>
  <testcase classname="runner.Runner" name="runScenario" time="0.020"/>
  <system-out/>
  <testcase classname="runner.Runner" name="runScenario" time="0.022"/>
  <system-out/>
  <testcase classname="runner.Runner" name="runScenario" time="0.014"/>
  <system-out/>
  <testcase classname="runner.Runner" name="runScenario" time="0.014"/>
  <system-out/>
  <testcase classname="runner.Runner" name="runScenario" time="0.014"/>
  <system-out/>
  <testcase classname="runner.Runner" name="runScenario" time="0.025"/>
  <system-out/>
</testsuite> <!-- runner.Runner -->
